<?xml version="1.0" encoding="UTF-8"?>
<testsuite name="com.github.maven.example.tests.WidgetTest" tests="2" skipped="0" failures="0" errors="0" timestamp="2017-01-01T11:44:08" hostname="master" time="0.018">
  <properties/>
  <testcase name="updateEnableState" classname="com.github.maven.example.tests.WidgetTest" time="0.015"/>
  <testcase name="defaultState" classname="com.github.maven.example.tests.WidgetTest" time="0.001"/>
  <system-out><![CDATA[]]></system-out>
  <system-err><![CDATA[]]></system-err>
</testsuite>
